11-11 11:30:05.212 20794-20840 [INFO ] FrameProducer: 
    ---- DepthFrameProducer Performance Info, total frame count: 120 ------------
            latency average: aggregate(33 MS), latest 120 frames(33 MS)
        transcoding average: aggregate(2 MS), latest 120 frames(2 MS)
          filtering average: aggregate(0 MS), latest 120 frames(0 MS)
                FPS average: aggregate(120), latest 0 frames(60.02)

11-11 11:30:05.214 20794-20839 [INFO ] FrameProducer: 
    ---- ColorFrameProducer Performance Info, total frame count: 120 ------------
            latency average: aggregate(33 MS), latest 120 frames(33 MS)
        transcoding average: aggregate(1 MS), latest 120 frames(1 MS)
          filtering average: aggregate(0 MS), latest 120 frames(0 MS)
                FPS average: aggregate(120), latest 0 frames(61.69)

11-11 11:30:05.218 20794-20838 [INFO ] PCFrameProducer: 
    ---- PCFrameProducer Performance Info, total frame count: 120 ------------
            latency average: aggregate(4 MS), latest 120 frames(4 MS)
        transcoding average: aggregate(4 MS), latest 120 frames(4 MS)
        color frame latency: aggregate(45 MS), latest 120 frames(45 MS)
        depth frame latency: aggregate(45 MS), latest 120 frames(45 MS)
                FPS average: aggregate(120), latest 116983601 frames(64.87)

11-11 11:30:07.229 20794-20839 [INFO ] FrameProducer: 
    ---- ColorFrameProducer Performance Info, total frame count: 240 ------------
            latency average: aggregate(25 MS), latest 120 frames(17 MS)
        transcoding average: aggregate(1 MS), latest 120 frames(0 MS)
          filtering average: aggregate(0 MS), latest 120 frames(0 MS)
                FPS average: aggregate(120), latest 0 frames(60.60)

11-11 11:30:07.233 20794-20840 [INFO ] FrameProducer: 
    ---- DepthFrameProducer Performance Info, total frame count: 240 ------------
            latency average: aggregate(26 MS), latest 120 frames(19 MS)
        transcoding average: aggregate(2 MS), latest 120 frames(2 MS)
          filtering average: aggregate(0 MS), latest 120 frames(0 MS)
                FPS average: aggregate(120), latest 0 frames(59.69)

11-11 11:30:07.238 20794-20838 [INFO ] PCFrameProducer: 
    ---- PCFrameProducer Performance Info, total frame count: 240 ------------
            latency average: aggregate(4 MS), latest 120 frames(3 MS)
        transcoding average: aggregate(3 MS), latest 120 frames(3 MS)
        color frame latency: aggregate(35 MS), latest 120 frames(24 MS)
        depth frame latency: aggregate(34 MS), latest 120 frames(24 MS)
                FPS average: aggregate(120), latest 116983601 frames(62.01)

11-11 11:30:09.249 20794-20839 [INFO ] FrameProducer: 
    ---- ColorFrameProducer Performance Info, total frame count: 360 ------------
            latency average: aggregate(23 MS), latest 120 frames(17 MS)
        transcoding average: aggregate(1 MS), latest 120 frames(0 MS)
          filtering average: aggregate(0 MS), latest 120 frames(0 MS)
                FPS average: aggregate(120), latest 0 frames(60.19)

11-11 11:30:09.253 20794-20840 [INFO ] FrameProducer: 
    ---- DepthFrameProducer Performance Info, total frame count: 360 ------------
            latency average: aggregate(23 MS), latest 120 frames(19 MS)
        transcoding average: aggregate(2 MS), latest 120 frames(2 MS)
          filtering average: aggregate(0 MS), latest 120 frames(0 MS)
                FPS average: aggregate(120), latest 0 frames(59.59)

11-11 11:30:09.259 20794-20838 [INFO ] PCFrameProducer: 
    ---- PCFrameProducer Performance Info, total frame count: 360 ------------
            latency average: aggregate(4 MS), latest 120 frames(3 MS)
        transcoding average: aggregate(3 MS), latest 120 frames(3 MS)
        color frame latency: aggregate(31 MS), latest 120 frames(24 MS)
        depth frame latency: aggregate(31 MS), latest 120 frames(24 MS)
                FPS average: aggregate(120), latest 116983601 frames(61.12)

11-11 11:30:11.267 20794-20840 [INFO ] FrameProducer: 
    ---- DepthFrameProducer Performance Info, total frame count: 480 ------------
            latency average: aggregate(22 MS), latest 120 frames(19 MS)
        transcoding average: aggregate(2 MS), latest 120 frames(2 MS)
          filtering average: aggregate(0 MS), latest 120 frames(0 MS)
                FPS average: aggregate(120), latest 0 frames(59.59)

11-11 11:30:11.269 20794-20839 [INFO ] FrameProducer: 
    ---- ColorFrameProducer Performance Info, total frame count: 480 ------------
            latency average: aggregate(21 MS), latest 120 frames(17 MS)
        transcoding average: aggregate(1 MS), latest 120 frames(0 MS)
          filtering average: aggregate(0 MS), latest 120 frames(0 MS)
                FPS average: aggregate(120), latest 0 frames(59.99)

11-11 11:30:11.275 20794-20838 [INFO ] PCFrameProducer: 
    ---- PCFrameProducer Performance Info, total frame count: 480 ------------
            latency average: aggregate(3 MS), latest 120 frames(3 MS)
        transcoding average: aggregate(3 MS), latest 120 frames(3 MS)
        color frame latency: aggregate(30 MS), latest 120 frames(25 MS)
        depth frame latency: aggregate(29 MS), latest 120 frames(24 MS)
                FPS average: aggregate(120), latest 116983601 frames(60.70)

11-11 11:30:13.287 20794-20840 [INFO ] FrameProducer: 
    ---- DepthFrameProducer Performance Info, total frame count: 600 ------------
            latency average: aggregate(22 MS), latest 120 frames(18 MS)
        transcoding average: aggregate(2 MS), latest 120 frames(1 MS)
          filtering average: aggregate(0 MS), latest 120 frames(0 MS)
                FPS average: aggregate(120), latest 0 frames(59.55)

11-11 11:30:13.289 20794-20839 [INFO ] FrameProducer: 
    ---- ColorFrameProducer Performance Info, total frame count: 600 ------------
            latency average: aggregate(20 MS), latest 120 frames(17 MS)
        transcoding average: aggregate(1 MS), latest 120 frames(0 MS)
          filtering average: aggregate(0 MS), latest 120 frames(0 MS)
                FPS average: aggregate(120), latest 0 frames(59.88)

11-11 11:30:13.294 20794-20838 [INFO ] PCFrameProducer: 
    ---- PCFrameProducer Performance Info, total frame count: 600 ------------
            latency average: aggregate(3 MS), latest 120 frames(3 MS)
        transcoding average: aggregate(3 MS), latest 120 frames(3 MS)
        color frame latency: aggregate(28 MS), latest 120 frames(24 MS)
        depth frame latency: aggregate(28 MS), latest 120 frames(23 MS)
                FPS average: aggregate(120), latest 116983601 frames(60.45)

11-11 11:30:15.305 20794-20839 [INFO ] FrameProducer: 
    ---- ColorFrameProducer Performance Info, total frame count: 720 ------------
            latency average: aggregate(20 MS), latest 120 frames(17 MS)
        transcoding average: aggregate(1 MS), latest 120 frames(0 MS)
          filtering average: aggregate(0 MS), latest 120 frames(0 MS)
                FPS average: aggregate(120), latest 0 frames(59.82)

11-11 11:30:15.309 20794-20840 [INFO ] FrameProducer: 
    ---- DepthFrameProducer Performance Info, total frame count: 720 ------------
            latency average: aggregate(21 MS), latest 120 frames(19 MS)
        transcoding average: aggregate(2 MS), latest 120 frames(2 MS)
          filtering average: aggregate(0 MS), latest 120 frames(0 MS)
                FPS average: aggregate(120), latest 0 frames(59.52)

11-11 11:30:15.315 20794-20838 [INFO ] PCFrameProducer: 
    ---- PCFrameProducer Performance Info, total frame count: 720 ------------
            latency average: aggregate(3 MS), latest 120 frames(3 MS)
        transcoding average: aggregate(3 MS), latest 120 frames(3 MS)
        color frame latency: aggregate(28 MS), latest 120 frames(24 MS)
        depth frame latency: aggregate(27 MS), latest 120 frames(24 MS)
                FPS average: aggregate(120), latest 116983601 frames(60.27)

11-11 11:30:17.324 20794-20839 [INFO ] FrameProducer: 
    ---- ColorFrameProducer Performance Info, total frame count: 840 ------------
            latency average: aggregate(20 MS), latest 120 frames(17 MS)
        transcoding average: aggregate(1 MS), latest 120 frames(0 MS)
          filtering average: aggregate(0 MS), latest 120 frames(0 MS)
                FPS average: aggregate(120), latest 0 frames(59.76)

11-11 11:30:17.329 20794-20840 [INFO ] FrameProducer: 
    ---- DepthFrameProducer Performance Info, total frame count: 840 ------------
            latency average: aggregate(21 MS), latest 120 frames(19 MS)
        transcoding average: aggregate(2 MS), latest 120 frames(2 MS)
          filtering average: aggregate(0 MS), latest 120 frames(0 MS)
                FPS average: aggregate(120), latest 0 frames(59.50)

11-11 11:30:17.334 20794-20838 [INFO ] PCFrameProducer: 
    ---- PCFrameProducer Performance Info, total frame count: 840 ------------
            latency average: aggregate(3 MS), latest 120 frames(3 MS)
        transcoding average: aggregate(3 MS), latest 120 frames(3 MS)
        color frame latency: aggregate(27 MS), latest 120 frames(24 MS)
        depth frame latency: aggregate(27 MS), latest 120 frames(24 MS)
                FPS average: aggregate(120), latest 116983601 frames(60.15)

11-11 11:30:19.343 20794-20840 [INFO ] FrameProducer: 
    ---- DepthFrameProducer Performance Info, total frame count: 960 ------------
            latency average: aggregate(20 MS), latest 120 frames(19 MS)
        transcoding average: aggregate(2 MS), latest 120 frames(2 MS)
          filtering average: aggregate(0 MS), latest 120 frames(0 MS)
                FPS average: aggregate(120), latest 0 frames(59.51)

11-11 11:30:19.345 20794-20839 [INFO ] FrameProducer: 
    ---- ColorFrameProducer Performance Info, total frame count: 960 ------------
            latency average: aggregate(19 MS), latest 120 frames(17 MS)
        transcoding average: aggregate(0 MS), latest 120 frames(0 MS)
          filtering average: aggregate(0 MS), latest 120 frames(0 MS)
                FPS average: aggregate(120), latest 0 frames(59.71)

11-11 11:30:19.349 20794-20838 [INFO ] PCFrameProducer: 
    ---- PCFrameProducer Performance Info, total frame count: 960 ------------
            latency average: aggregate(3 MS), latest 120 frames(3 MS)
        transcoding average: aggregate(3 MS), latest 120 frames(3 MS)
        color frame latency: aggregate(27 MS), latest 120 frames(24 MS)
        depth frame latency: aggregate(26 MS), latest 120 frames(24 MS)
                FPS average: aggregate(120), latest 116983601 frames(60.07)

11-11 11:30:21.360 20794-20839 [INFO ] FrameProducer: 
    ---- ColorFrameProducer Performance Info, total frame count: 1080 ------------
            latency average: aggregate(19 MS), latest 120 frames(17 MS)
        transcoding average: aggregate(0 MS), latest 120 frames(0 MS)
          filtering average: aggregate(0 MS), latest 120 frames(0 MS)
                FPS average: aggregate(120), latest 0 frames(59.70)

11-11 11:30:21.363 20794-20840 [INFO ] FrameProducer: 
    ---- DepthFrameProducer Performance Info, total frame count: 1080 ------------
            latency average: aggregate(20 MS), latest 120 frames(18 MS)
        transcoding average: aggregate(2 MS), latest 120 frames(1 MS)
          filtering average: aggregate(0 MS), latest 120 frames(0 MS)
                FPS average: aggregate(120), latest 0 frames(59.50)

11-11 11:30:21.369 20794-20838 [INFO ] PCFrameProducer: 
    ---- PCFrameProducer Performance Info, total frame count: 1080 ------------
            latency average: aggregate(3 MS), latest 120 frames(3 MS)
        transcoding average: aggregate(3 MS), latest 120 frames(3 MS)
        color frame latency: aggregate(26 MS), latest 120 frames(24 MS)
        depth frame latency: aggregate(26 MS), latest 120 frames(23 MS)
                FPS average: aggregate(120), latest 116983601 frames(60.00)

11-11 11:30:23.380 20794-20839 [INFO ] FrameProducer: 
    ---- ColorFrameProducer Performance Info, total frame count: 1200 ------------
            latency average: aggregate(19 MS), latest 120 frames(17 MS)
        transcoding average: aggregate(0 MS), latest 120 frames(0 MS)
          filtering average: aggregate(0 MS), latest 120 frames(0 MS)
                FPS average: aggregate(120), latest 0 frames(59.67)

11-11 11:30:23.385 20794-20840 [INFO ] FrameProducer: 
    ---- DepthFrameProducer Performance Info, total frame count: 1200 ------------
            latency average: aggregate(20 MS), latest 120 frames(18 MS)
        transcoding average: aggregate(2 MS), latest 120 frames(1 MS)
          filtering average: aggregate(0 MS), latest 120 frames(0 MS)
                FPS average: aggregate(120), latest 0 frames(59.49)

11-11 11:30:23.390 20794-20838 [INFO ] PCFrameProducer: 
    ---- PCFrameProducer Performance Info, total frame count: 1200 ------------
            latency average: aggregate(3 MS), latest 120 frames(3 MS)
        transcoding average: aggregate(3 MS), latest 120 frames(3 MS)
        color frame latency: aggregate(26 MS), latest 120 frames(24 MS)
        depth frame latency: aggregate(26 MS), latest 120 frames(23 MS)
                FPS average: aggregate(120), latest 116983601 frames(59.94)

11-11 11:30:25.418 20794-20839 [INFO ] FrameProducer: 
    ---- ColorFrameProducer Performance Info, total frame count: 1320 ------------
            latency average: aggregate(19 MS), latest 120 frames(17 MS)
        transcoding average: aggregate(0 MS), latest 120 frames(0 MS)
          filtering average: aggregate(0 MS), latest 120 frames(0 MS)
                FPS average: aggregate(120), latest 0 frames(59.60)

11-11 11:30:25.435 20794-20840 [INFO ] FrameProducer: 
    ---- DepthFrameProducer Performance Info, total frame count: 1320 ------------
            latency average: aggregate(20 MS), latest 120 frames(19 MS)
        transcoding average: aggregate(2 MS), latest 120 frames(2 MS)
          filtering average: aggregate(0 MS), latest 120 frames(0 MS)
                FPS average: aggregate(120), latest 0 frames(59.40)

11-11 11:30:25.441 20794-20838 [INFO ] PCFrameProducer: 
    ---- PCFrameProducer Performance Info, total frame count: 1320 ------------
            latency average: aggregate(3 MS), latest 120 frames(3 MS)
        transcoding average: aggregate(3 MS), latest 120 frames(3 MS)
        color frame latency: aggregate(26 MS), latest 120 frames(24 MS)
        depth frame latency: aggregate(26 MS), latest 120 frames(24 MS)
                FPS average: aggregate(120), latest 116983601 frames(59.80)

11-11 11:30:27.433 20794-20839 [INFO ] FrameProducer: 
    ---- ColorFrameProducer Performance Info, total frame count: 1440 ------------
            latency average: aggregate(19 MS), latest 120 frames(17 MS)
        transcoding average: aggregate(0 MS), latest 120 frames(0 MS)
          filtering average: aggregate(0 MS), latest 120 frames(0 MS)
                FPS average: aggregate(120), latest 0 frames(59.59)

11-11 11:30:27.455 20794-20840 [INFO ] FrameProducer: 
    ---- DepthFrameProducer Performance Info, total frame count: 1440 ------------
            latency average: aggregate(20 MS), latest 120 frames(18 MS)
        transcoding average: aggregate(2 MS), latest 120 frames(1 MS)
          filtering average: aggregate(0 MS), latest 120 frames(0 MS)
                FPS average: aggregate(120), latest 0 frames(59.40)

11-11 11:30:27.458 20794-20838 [INFO ] PCFrameProducer: 
    ---- PCFrameProducer Performance Info, total frame count: 1440 ------------
            latency average: aggregate(3 MS), latest 120 frames(3 MS)
        transcoding average: aggregate(3 MS), latest 120 frames(3 MS)
        color frame latency: aggregate(26 MS), latest 120 frames(24 MS)
        depth frame latency: aggregate(25 MS), latest 120 frames(23 MS)
                FPS average: aggregate(120), latest 116983601 frames(59.78)

11-11 11:30:29.453 20794-20839 [INFO ] FrameProducer: 
    ---- ColorFrameProducer Performance Info, total frame count: 1560 ------------
            latency average: aggregate(19 MS), latest 120 frames(17 MS)
        transcoding average: aggregate(0 MS), latest 120 frames(0 MS)
          filtering average: aggregate(0 MS), latest 120 frames(0 MS)
                FPS average: aggregate(120), latest 0 frames(59.58)

11-11 11:30:29.471 20794-20840 [INFO ] FrameProducer: 
    ---- DepthFrameProducer Performance Info, total frame count: 1560 ------------
            latency average: aggregate(20 MS), latest 120 frames(18 MS)
        transcoding average: aggregate(2 MS), latest 120 frames(1 MS)
          filtering average: aggregate(0 MS), latest 120 frames(0 MS)
                FPS average: aggregate(120), latest 0 frames(59.41)

11-11 11:30:29.475 20794-20838 [INFO ] PCFrameProducer: 
    ---- PCFrameProducer Performance Info, total frame count: 1560 ------------
            latency average: aggregate(3 MS), latest 120 frames(3 MS)
        transcoding average: aggregate(3 MS), latest 120 frames(3 MS)
        color frame latency: aggregate(26 MS), latest 120 frames(24 MS)
        depth frame latency: aggregate(25 MS), latest 120 frames(23 MS)
                FPS average: aggregate(120), latest 116983601 frames(59.76)

11-11 11:30:31.474 20794-20839 [INFO ] FrameProducer: 
    ---- ColorFrameProducer Performance Info, total frame count: 1680 ------------
            latency average: aggregate(18 MS), latest 120 frames(17 MS)
        transcoding average: aggregate(0 MS), latest 120 frames(0 MS)
          filtering average: aggregate(0 MS), latest 120 frames(0 MS)
                FPS average: aggregate(120), latest 0 frames(59.56)

11-11 11:30:31.494 20794-20840 [INFO ] FrameProducer: 
    ---- DepthFrameProducer Performance Info, total frame count: 1680 ------------
            latency average: aggregate(20 MS), latest 120 frames(18 MS)
        transcoding average: aggregate(2 MS), latest 120 frames(1 MS)
          filtering average: aggregate(0 MS), latest 120 frames(0 MS)
                FPS average: aggregate(120), latest 0 frames(59.40)

11-11 11:30:31.501 20794-20838 [INFO ] PCFrameProducer: 
    ---- PCFrameProducer Performance Info, total frame count: 1680 ------------
            latency average: aggregate(3 MS), latest 120 frames(3 MS)
        transcoding average: aggregate(3 MS), latest 120 frames(3 MS)
        color frame latency: aggregate(26 MS), latest 120 frames(24 MS)
        depth frame latency: aggregate(25 MS), latest 120 frames(23 MS)
                FPS average: aggregate(120), latest 116983601 frames(59.72)

11-11 11:30:33.489 20794-20839 [INFO ] FrameProducer: 
    ---- ColorFrameProducer Performance Info, total frame count: 1800 ------------
            latency average: aggregate(18 MS), latest 120 frames(17 MS)
        transcoding average: aggregate(0 MS), latest 120 frames(0 MS)
          filtering average: aggregate(0 MS), latest 120 frames(0 MS)
                FPS average: aggregate(120), latest 0 frames(59.56)

11-11 11:30:33.511 20794-20840 [INFO ] FrameProducer: 
    ---- DepthFrameProducer Performance Info, total frame count: 1800 ------------
            latency average: aggregate(20 MS), latest 120 frames(19 MS)
        transcoding average: aggregate(2 MS), latest 120 frames(2 MS)
          filtering average: aggregate(0 MS), latest 120 frames(0 MS)
                FPS average: aggregate(120), latest 0 frames(59.41)

11-11 11:30:33.517 20794-20838 [INFO ] PCFrameProducer: 
    ---- PCFrameProducer Performance Info, total frame count: 1800 ------------
            latency average: aggregate(3 MS), latest 120 frames(3 MS)
        transcoding average: aggregate(3 MS), latest 120 frames(3 MS)
        color frame latency: aggregate(26 MS), latest 120 frames(24 MS)
        depth frame latency: aggregate(25 MS), latest 120 frames(24 MS)
                FPS average: aggregate(120), latest 116983601 frames(59.70)

11-11 11:30:35.509 20794-20839 [INFO ] FrameProducer: 
    ---- ColorFrameProducer Performance Info, total frame count: 1920 ------------
            latency average: aggregate(18 MS), latest 120 frames(17 MS)
        transcoding average: aggregate(0 MS), latest 120 frames(0 MS)
          filtering average: aggregate(0 MS), latest 120 frames(0 MS)
                FPS average: aggregate(120), latest 0 frames(59.55)

11-11 11:30:35.526 20794-20840 [INFO ] FrameProducer: 
    ---- DepthFrameProducer Performance Info, total frame count: 1920 ------------
            latency average: aggregate(19 MS), latest 120 frames(19 MS)
        transcoding average: aggregate(2 MS), latest 120 frames(2 MS)
          filtering average: aggregate(0 MS), latest 120 frames(0 MS)
                FPS average: aggregate(120), latest 0 frames(59.42)

11-11 11:30:35.532 20794-20838 [INFO ] PCFrameProducer: 
    ---- PCFrameProducer Performance Info, total frame count: 1920 ------------
            latency average: aggregate(3 MS), latest 120 frames(3 MS)
        transcoding average: aggregate(3 MS), latest 120 frames(3 MS)
        color frame latency: aggregate(25 MS), latest 120 frames(24 MS)
        depth frame latency: aggregate(25 MS), latest 120 frames(24 MS)
                FPS average: aggregate(120), latest 116983601 frames(59.69)

11-11 11:30:37.529 20794-20839 [INFO ] FrameProducer: 
    ---- ColorFrameProducer Performance Info, total frame count: 2040 ------------
            latency average: aggregate(18 MS), latest 120 frames(17 MS)
        transcoding average: aggregate(0 MS), latest 120 frames(0 MS)
          filtering average: aggregate(0 MS), latest 120 frames(0 MS)
                FPS average: aggregate(120), latest 0 frames(59.54)

11-11 11:30:37.563 20794-20840 [INFO ] FrameProducer: 
    ---- DepthFrameProducer Performance Info, total frame count: 2040 ------------
            latency average: aggregate(19 MS), latest 120 frames(18 MS)
        transcoding average: aggregate(2 MS), latest 120 frames(1 MS)
          filtering average: aggregate(0 MS), latest 120 frames(0 MS)
                FPS average: aggregate(120), latest 0 frames(59.39)

11-11 11:30:37.566 20794-20838 [INFO ] PCFrameProducer: 
    ---- PCFrameProducer Performance Info, total frame count: 2040 ------------
            latency average: aggregate(3 MS), latest 120 frames(3 MS)
        transcoding average: aggregate(3 MS), latest 120 frames(3 MS)
        color frame latency: aggregate(25 MS), latest 120 frames(24 MS)
        depth frame latency: aggregate(25 MS), latest 120 frames(23 MS)
                FPS average: aggregate(120), latest 116983601 frames(59.65)

11-11 11:30:39.549 20794-20839 [INFO ] FrameProducer: 
    ---- ColorFrameProducer Performance Info, total frame count: 2160 ------------
            latency average: aggregate(18 MS), latest 120 frames(17 MS)
        transcoding average: aggregate(0 MS), latest 120 frames(0 MS)
          filtering average: aggregate(0 MS), latest 120 frames(0 MS)
                FPS average: aggregate(120), latest 0 frames(59.54)

11-11 11:30:39.586 20794-20840 [INFO ] FrameProducer: 
    ---- DepthFrameProducer Performance Info, total frame count: 2160 ------------
            latency average: aggregate(19 MS), latest 120 frames(18 MS)
        transcoding average: aggregate(2 MS), latest 120 frames(1 MS)
          filtering average: aggregate(0 MS), latest 120 frames(0 MS)
                FPS average: aggregate(120), latest 0 frames(59.38)

11-11 11:30:39.592 20794-20838 [INFO ] PCFrameProducer: 
    ---- PCFrameProducer Performance Info, total frame count: 2160 ------------
            latency average: aggregate(3 MS), latest 120 frames(3 MS)
        transcoding average: aggregate(3 MS), latest 120 frames(3 MS)
        color frame latency: aggregate(25 MS), latest 120 frames(24 MS)
        depth frame latency: aggregate(25 MS), latest 120 frames(23 MS)
                FPS average: aggregate(120), latest 116983601 frames(59.63)

11-11 11:30:41.565 20794-20839 [INFO ] FrameProducer: 
    ---- ColorFrameProducer Performance Info, total frame count: 2280 ------------
            latency average: aggregate(18 MS), latest 120 frames(17 MS)
        transcoding average: aggregate(0 MS), latest 120 frames(0 MS)
          filtering average: aggregate(0 MS), latest 120 frames(0 MS)
                FPS average: aggregate(120), latest 0 frames(59.54)

11-11 11:30:41.604 20794-20840 [INFO ] FrameProducer: 
    ---- DepthFrameProducer Performance Info, total frame count: 2280 ------------
            latency average: aggregate(19 MS), latest 120 frames(19 MS)
        transcoding average: aggregate(2 MS), latest 120 frames(2 MS)
          filtering average: aggregate(0 MS), latest 120 frames(0 MS)
                FPS average: aggregate(120), latest 0 frames(59.39)

11-11 11:30:41.610 20794-20838 [INFO ] PCFrameProducer: 
    ---- PCFrameProducer Performance Info, total frame count: 2280 ------------
            latency average: aggregate(3 MS), latest 120 frames(3 MS)
        transcoding average: aggregate(3 MS), latest 120 frames(3 MS)
        color frame latency: aggregate(25 MS), latest 120 frames(25 MS)
        depth frame latency: aggregate(25 MS), latest 120 frames(24 MS)
                FPS average: aggregate(120), latest 116983601 frames(59.62)

11-11 11:30:43.585 20794-20839 [INFO ] FrameProducer: 
    ---- ColorFrameProducer Performance Info, total frame count: 2400 ------------
            latency average: aggregate(18 MS), latest 120 frames(17 MS)
        transcoding average: aggregate(0 MS), latest 120 frames(0 MS)
          filtering average: aggregate(0 MS), latest 120 frames(0 MS)
                FPS average: aggregate(120), latest 0 frames(59.53)

11-11 11:30:43.618 20794-20840 [INFO ] FrameProducer: 
    ---- DepthFrameProducer Performance Info, total frame count: 2400 ------------
            latency average: aggregate(19 MS), latest 120 frames(19 MS)
        transcoding average: aggregate(2 MS), latest 120 frames(2 MS)
          filtering average: aggregate(0 MS), latest 120 frames(0 MS)
                FPS average: aggregate(120), latest 0 frames(59.40)

11-11 11:30:43.624 20794-20838 [INFO ] PCFrameProducer: 
    ---- PCFrameProducer Performance Info, total frame count: 2400 ------------
            latency average: aggregate(3 MS), latest 120 frames(3 MS)
        transcoding average: aggregate(3 MS), latest 120 frames(3 MS)
        color frame latency: aggregate(25 MS), latest 120 frames(24 MS)
        depth frame latency: aggregate(25 MS), latest 120 frames(24 MS)
                FPS average: aggregate(120), latest 116983601 frames(59.62)

11-11 11:30:45.605 20794-20839 [INFO ] FrameProducer: 
    ---- ColorFrameProducer Performance Info, total frame count: 2520 ------------
            latency average: aggregate(18 MS), latest 120 frames(17 MS)
        transcoding average: aggregate(0 MS), latest 120 frames(0 MS)
          filtering average: aggregate(0 MS), latest 120 frames(0 MS)
                FPS average: aggregate(120), latest 0 frames(59.52)

11-11 11:30:45.638 20794-20840 [INFO ] FrameProducer: 
    ---- DepthFrameProducer Performance Info, total frame count: 2520 ------------
            latency average: aggregate(19 MS), latest 120 frames(18 MS)
        transcoding average: aggregate(2 MS), latest 120 frames(1 MS)
          filtering average: aggregate(0 MS), latest 120 frames(0 MS)
                FPS average: aggregate(120), latest 0 frames(59.40)

11-11 11:30:45.644 20794-20838 [INFO ] PCFrameProducer: 
    ---- PCFrameProducer Performance Info, total frame count: 2520 ------------
            latency average: aggregate(3 MS), latest 120 frames(3 MS)
        transcoding average: aggregate(3 MS), latest 120 frames(3 MS)
        color frame latency: aggregate(25 MS), latest 120 frames(24 MS)
        depth frame latency: aggregate(25 MS), latest 120 frames(23 MS)
                FPS average: aggregate(120), latest 116983601 frames(59.61)

11-11 11:30:47.621 20794-20839 [INFO ] FrameProducer: 
    ---- ColorFrameProducer Performance Info, total frame count: 2640 ------------
            latency average: aggregate(18 MS), latest 120 frames(17 MS)
        transcoding average: aggregate(0 MS), latest 120 frames(0 MS)
          filtering average: aggregate(0 MS), latest 120 frames(0 MS)
                FPS average: aggregate(120), latest 0 frames(59.52)

11-11 11:30:47.662 20794-20840 [INFO ] FrameProducer: 
    ---- DepthFrameProducer Performance Info, total frame count: 2640 ------------
            latency average: aggregate(19 MS), latest 120 frames(19 MS)
        transcoding average: aggregate(2 MS), latest 120 frames(2 MS)
          filtering average: aggregate(0 MS), latest 120 frames(0 MS)
                FPS average: aggregate(120), latest 0 frames(59.39)

11-11 11:30:47.669 20794-20838 [INFO ] PCFrameProducer: 
    ---- PCFrameProducer Performance Info, total frame count: 2640 ------------
            latency average: aggregate(3 MS), latest 120 frames(3 MS)
        transcoding average: aggregate(3 MS), latest 120 frames(3 MS)
        color frame latency: aggregate(25 MS), latest 120 frames(25 MS)
        depth frame latency: aggregate(25 MS), latest 120 frames(24 MS)
                FPS average: aggregate(120), latest 116983601 frames(59.59)

11-11 11:30:49.641 20794-20839 [INFO ] FrameProducer: 
    ---- ColorFrameProducer Performance Info, total frame count: 2760 ------------
            latency average: aggregate(18 MS), latest 120 frames(17 MS)
        transcoding average: aggregate(0 MS), latest 120 frames(0 MS)
          filtering average: aggregate(0 MS), latest 120 frames(0 MS)
                FPS average: aggregate(120), latest 0 frames(59.52)

11-11 11:30:49.680 20794-20840 [INFO ] FrameProducer: 
    ---- DepthFrameProducer Performance Info, total frame count: 2760 ------------
            latency average: aggregate(19 MS), latest 120 frames(18 MS)
        transcoding average: aggregate(2 MS), latest 120 frames(1 MS)
          filtering average: aggregate(0 MS), latest 120 frames(0 MS)
                FPS average: aggregate(120), latest 0 frames(59.40)

11-11 11:30:49.684 20794-20838 [INFO ] PCFrameProducer: 
    ---- PCFrameProducer Performance Info, total frame count: 2760 ------------
            latency average: aggregate(3 MS), latest 120 frames(3 MS)
        transcoding average: aggregate(3 MS), latest 120 frames(3 MS)
        color frame latency: aggregate(25 MS), latest 120 frames(24 MS)
        depth frame latency: aggregate(24 MS), latest 120 frames(23 MS)
                FPS average: aggregate(120), latest 116983601 frames(59.59)

11-11 11:30:51.661 20794-20839 [INFO ] FrameProducer: 
    ---- ColorFrameProducer Performance Info, total frame count: 2880 ------------
            latency average: aggregate(18 MS), latest 120 frames(17 MS)
        transcoding average: aggregate(0 MS), latest 120 frames(0 MS)
          filtering average: aggregate(0 MS), latest 120 frames(0 MS)
                FPS average: aggregate(120), latest 0 frames(59.51)

11-11 11:30:51.697 20794-20840 [INFO ] FrameProducer: 
    ---- DepthFrameProducer Performance Info, total frame count: 2880 ------------
            latency average: aggregate(19 MS), latest 120 frames(19 MS)
        transcoding average: aggregate(2 MS), latest 120 frames(2 MS)
          filtering average: aggregate(0 MS), latest 120 frames(0 MS)
                FPS average: aggregate(120), latest 0 frames(59.40)

11-11 11:30:51.702 20794-20838 [INFO ] PCFrameProducer: 
    ---- PCFrameProducer Performance Info, total frame count: 2880 ------------
            latency average: aggregate(3 MS), latest 120 frames(3 MS)
        transcoding average: aggregate(3 MS), latest 120 frames(3 MS)
        color frame latency: aggregate(25 MS), latest 120 frames(25 MS)
        depth frame latency: aggregate(24 MS), latest 120 frames(25 MS)
                FPS average: aggregate(120), latest 116983601 frames(59.59)

11-11 11:30:53.681 20794-20839 [INFO ] FrameProducer: 
    ---- ColorFrameProducer Performance Info, total frame count: 3000 ------------
            latency average: aggregate(18 MS), latest 120 frames(17 MS)
        transcoding average: aggregate(0 MS), latest 120 frames(0 MS)
          filtering average: aggregate(0 MS), latest 120 frames(0 MS)
                FPS average: aggregate(120), latest 0 frames(59.51)

11-11 11:30:53.715 20794-20840 [INFO ] FrameProducer: 
    ---- DepthFrameProducer Performance Info, total frame count: 3000 ------------
            latency average: aggregate(19 MS), latest 120 frames(19 MS)
        transcoding average: aggregate(2 MS), latest 120 frames(2 MS)
          filtering average: aggregate(0 MS), latest 120 frames(0 MS)
                FPS average: aggregate(120), latest 0 frames(59.40)

11-11 11:30:53.720 20794-20838 [INFO ] PCFrameProducer: 
    ---- PCFrameProducer Performance Info, total frame count: 3000 ------------
            latency average: aggregate(3 MS), latest 120 frames(3 MS)
        transcoding average: aggregate(3 MS), latest 120 frames(3 MS)
        color frame latency: aggregate(25 MS), latest 120 frames(24 MS)
        depth frame latency: aggregate(24 MS), latest 120 frames(24 MS)
                FPS average: aggregate(120), latest 116983601 frames(59.58)

11-11 11:31:13.473 20948-21078 [INFO ] FrameProducer: 
    ---- DepthFrameProducer Performance Info, total frame count: 120 ------------
            latency average: aggregate(32 MS), latest 120 frames(32 MS)
        transcoding average: aggregate(1 MS), latest 120 frames(1 MS)
          filtering average: aggregate(0 MS), latest 120 frames(0 MS)
                FPS average: aggregate(120), latest 0 frames(59.89)

11-11 11:31:13.476 20948-21077 [INFO ] FrameProducer: 
    ---- ColorFrameProducer Performance Info, total frame count: 120 ------------
            latency average: aggregate(32 MS), latest 120 frames(32 MS)
        transcoding average: aggregate(1 MS), latest 120 frames(1 MS)
          filtering average: aggregate(0 MS), latest 120 frames(0 MS)
                FPS average: aggregate(120), latest 0 frames(61.62)

11-11 11:31:13.479 20948-21076 [INFO ] PCFrameProducer: 
    ---- PCFrameProducer Performance Info, total frame count: 120 ------------
            latency average: aggregate(4 MS), latest 120 frames(4 MS)
        transcoding average: aggregate(3 MS), latest 120 frames(3 MS)
        color frame latency: aggregate(42 MS), latest 120 frames(42 MS)
        depth frame latency: aggregate(41 MS), latest 120 frames(41 MS)
                FPS average: aggregate(120), latest 517265201 frames(63.15)

11-11 11:31:15.497 20948-21078 [INFO ] FrameProducer: 
    ---- DepthFrameProducer Performance Info, total frame count: 240 ------------
            latency average: aggregate(25 MS), latest 120 frames(18 MS)
        transcoding average: aggregate(1 MS), latest 120 frames(1 MS)
          filtering average: aggregate(0 MS), latest 120 frames(0 MS)
                FPS average: aggregate(120), latest 0 frames(59.59)

11-11 11:31:15.499 20948-21077 [INFO ] FrameProducer: 
    ---- ColorFrameProducer Performance Info, total frame count: 240 ------------
            latency average: aggregate(25 MS), latest 120 frames(17 MS)
        transcoding average: aggregate(1 MS), latest 120 frames(0 MS)
          filtering average: aggregate(0 MS), latest 120 frames(0 MS)
                FPS average: aggregate(120), latest 0 frames(60.44)

11-11 11:31:15.505 20948-21076 [INFO ] PCFrameProducer: 
    ---- PCFrameProducer Performance Info, total frame count: 240 ------------
            latency average: aggregate(3 MS), latest 120 frames(3 MS)
        transcoding average: aggregate(3 MS), latest 120 frames(3 MS)
        color frame latency: aggregate(33 MS), latest 120 frames(24 MS)
        depth frame latency: aggregate(32 MS), latest 120 frames(23 MS)
                FPS average: aggregate(120), latest 517265201 frames(61.13)

11-11 11:31:17.523 20948-21077 [INFO ] FrameProducer: 
    ---- ColorFrameProducer Performance Info, total frame count: 360 ------------
            latency average: aggregate(22 MS), latest 120 frames(17 MS)
        transcoding average: aggregate(1 MS), latest 120 frames(0 MS)
          filtering average: aggregate(0 MS), latest 120 frames(0 MS)
                FPS average: aggregate(120), latest 0 frames(60.05)

11-11 11:31:17.525 20948-21078 [INFO ] FrameProducer: 
    ---- DepthFrameProducer Performance Info, total frame count: 360 ------------
            latency average: aggregate(23 MS), latest 120 frames(19 MS)
        transcoding average: aggregate(1 MS), latest 120 frames(2 MS)
          filtering average: aggregate(0 MS), latest 120 frames(0 MS)
                FPS average: aggregate(120), latest 0 frames(59.46)

11-11 11:31:17.531 20948-21076 [INFO ] PCFrameProducer: 
    ---- PCFrameProducer Performance Info, total frame count: 360 ------------
            latency average: aggregate(3 MS), latest 120 frames(3 MS)
        transcoding average: aggregate(3 MS), latest 120 frames(3 MS)
        color frame latency: aggregate(30 MS), latest 120 frames(24 MS)
        depth frame latency: aggregate(30 MS), latest 120 frames(24 MS)
                FPS average: aggregate(120), latest 517265201 frames(60.49)

11-11 11:31:19.542 20948-21077 [INFO ] FrameProducer: 
    ---- ColorFrameProducer Performance Info, total frame count: 480 ------------
            latency average: aggregate(21 MS), latest 120 frames(17 MS)
        transcoding average: aggregate(1 MS), latest 120 frames(0 MS)
          filtering average: aggregate(0 MS), latest 120 frames(0 MS)
                FPS average: aggregate(120), latest 0 frames(59.89)

11-11 11:31:19.546 20948-21078 [INFO ] FrameProducer: 
    ---- DepthFrameProducer Performance Info, total frame count: 480 ------------
            latency average: aggregate(22 MS), latest 120 frames(19 MS)
        transcoding average: aggregate(1 MS), latest 120 frames(2 MS)
          filtering average: aggregate(0 MS), latest 120 frames(0 MS)
                FPS average: aggregate(120), latest 0 frames(59.44)

11-11 11:31:19.551 20948-21076 [INFO ] PCFrameProducer: 
    ---- PCFrameProducer Performance Info, total frame count: 480 ------------
            latency average: aggregate(3 MS), latest 120 frames(3 MS)
        transcoding average: aggregate(3 MS), latest 120 frames(3 MS)
        color frame latency: aggregate(29 MS), latest 120 frames(24 MS)
        depth frame latency: aggregate(28 MS), latest 120 frames(24 MS)
                FPS average: aggregate(120), latest 517265201 frames(60.21)

11-11 11:31:21.566 20948-21077 [INFO ] FrameProducer: 
    ---- ColorFrameProducer Performance Info, total frame count: 600 ------------
            latency average: aggregate(20 MS), latest 120 frames(17 MS)
        transcoding average: aggregate(1 MS), latest 120 frames(0 MS)
          filtering average: aggregate(0 MS), latest 120 frames(0 MS)
                FPS average: aggregate(120), latest 0 frames(59.77)

11-11 11:31:21.569 20948-21078 [INFO ] FrameProducer: 
    ---- DepthFrameProducer Performance Info, total frame count: 600 ------------
            latency average: aggregate(21 MS), latest 120 frames(18 MS)
        transcoding average: aggregate(1 MS), latest 120 frames(1 MS)
          filtering average: aggregate(0 MS), latest 120 frames(0 MS)
                FPS average: aggregate(120), latest 0 frames(59.41)

11-11 11:31:21.573 20948-21076 [INFO ] PCFrameProducer: 
    ---- PCFrameProducer Performance Info, total frame count: 600 ------------
            latency average: aggregate(3 MS), latest 120 frames(3 MS)
        transcoding average: aggregate(3 MS), latest 120 frames(3 MS)
        color frame latency: aggregate(28 MS), latest 120 frames(24 MS)
        depth frame latency: aggregate(27 MS), latest 120 frames(23 MS)
                FPS average: aggregate(120), latest 517265201 frames(60.04)

11-11 11:31:23.590 20948-21077 [INFO ] FrameProducer: 
    ---- ColorFrameProducer Performance Info, total frame count: 720 ------------
            latency average: aggregate(20 MS), latest 120 frames(17 MS)
        transcoding average: aggregate(1 MS), latest 120 frames(0 MS)
          filtering average: aggregate(0 MS), latest 120 frames(0 MS)
                FPS average: aggregate(120), latest 0 frames(59.69)

11-11 11:31:23.593 20948-21078 [INFO ] FrameProducer: 
    ---- DepthFrameProducer Performance Info, total frame count: 720 ------------
            latency average: aggregate(21 MS), latest 120 frames(18 MS)
        transcoding average: aggregate(1 MS), latest 120 frames(1 MS)
          filtering average: aggregate(0 MS), latest 120 frames(0 MS)
                FPS average: aggregate(120), latest 0 frames(59.39)

11-11 11:31:23.597 20948-21076 [INFO ] PCFrameProducer: 
    ---- PCFrameProducer Performance Info, total frame count: 720 ------------
            latency average: aggregate(3 MS), latest 120 frames(3 MS)
        transcoding average: aggregate(3 MS), latest 120 frames(3 MS)
        color frame latency: aggregate(27 MS), latest 120 frames(24 MS)
        depth frame latency: aggregate(27 MS), latest 120 frames(23 MS)
                FPS average: aggregate(120), latest 517265201 frames(59.91)

11-11 11:31:25.615 20948-21077 [INFO ] FrameProducer: 
    ---- ColorFrameProducer Performance Info, total frame count: 840 ------------
            latency average: aggregate(19 MS), latest 120 frames(17 MS)
        transcoding average: aggregate(0 MS), latest 120 frames(0 MS)
          filtering average: aggregate(0 MS), latest 120 frames(0 MS)
                FPS average: aggregate(120), latest 0 frames(59.63)

11-11 11:31:25.619 20948-21078 [INFO ] FrameProducer: 
    ---- DepthFrameProducer Performance Info, total frame count: 840 ------------
            latency average: aggregate(20 MS), latest 120 frames(19 MS)
        transcoding average: aggregate(1 MS), latest 120 frames(2 MS)
          filtering average: aggregate(0 MS), latest 120 frames(0 MS)
                FPS average: aggregate(120), latest 0 frames(59.37)

11-11 11:31:25.624 20948-21076 [INFO ] PCFrameProducer: 
    ---- PCFrameProducer Performance Info, total frame count: 840 ------------
            latency average: aggregate(3 MS), latest 120 frames(3 MS)
        transcoding average: aggregate(3 MS), latest 120 frames(3 MS)
        color frame latency: aggregate(27 MS), latest 120 frames(24 MS)
        depth frame latency: aggregate(26 MS), latest 120 frames(24 MS)
                FPS average: aggregate(120), latest 517265201 frames(59.81)

11-11 11:31:27.639 20948-21077 [INFO ] FrameProducer: 
    ---- ColorFrameProducer Performance Info, total frame count: 960 ------------
            latency average: aggregate(19 MS), latest 120 frames(17 MS)
        transcoding average: aggregate(0 MS), latest 120 frames(0 MS)
          filtering average: aggregate(0 MS), latest 120 frames(0 MS)
                FPS average: aggregate(120), latest 0 frames(59.59)

11-11 11:31:27.644 20948-21078 [INFO ] FrameProducer: 
    ---- DepthFrameProducer Performance Info, total frame count: 960 ------------
            latency average: aggregate(20 MS), latest 120 frames(19 MS)
        transcoding average: aggregate(2 MS), latest 120 frames(2 MS)
          filtering average: aggregate(0 MS), latest 120 frames(0 MS)
                FPS average: aggregate(120), latest 0 frames(59.35)

11-11 11:31:27.648 20948-21076 [INFO ] PCFrameProducer: 
    ---- PCFrameProducer Performance Info, total frame count: 960 ------------
            latency average: aggregate(3 MS), latest 120 frames(3 MS)
        transcoding average: aggregate(3 MS), latest 120 frames(3 MS)
        color frame latency: aggregate(26 MS), latest 120 frames(25 MS)
        depth frame latency: aggregate(26 MS), latest 120 frames(25 MS)
                FPS average: aggregate(120), latest 517265201 frames(59.74)

11-11 11:32:43.391 21417-21470 [INFO ] FrameProducer: 
    ---- ColorFrameProducer Performance Info, total frame count: 120 ------------
            latency average: aggregate(40 MS), latest 120 frames(40 MS)
        transcoding average: aggregate(1 MS), latest 120 frames(1 MS)
          filtering average: aggregate(0 MS), latest 120 frames(0 MS)
                FPS average: aggregate(120), latest 0 frames(62.75)

11-11 11:32:43.394 21417-21471 [INFO ] FrameProducer: 
    ---- DepthFrameProducer Performance Info, total frame count: 120 ------------
            latency average: aggregate(40 MS), latest 120 frames(40 MS)
        transcoding average: aggregate(1 MS), latest 120 frames(1 MS)
          filtering average: aggregate(0 MS), latest 120 frames(0 MS)
                FPS average: aggregate(120), latest 0 frames(60.60)

11-11 11:32:43.398 21417-21469 [INFO ] PCFrameProducer: 
    ---- PCFrameProducer Performance Info, total frame count: 120 ------------
            latency average: aggregate(4 MS), latest 120 frames(4 MS)
        transcoding average: aggregate(4 MS), latest 120 frames(4 MS)
        color frame latency: aggregate(50 MS), latest 120 frames(50 MS)
        depth frame latency: aggregate(50 MS), latest 120 frames(50 MS)
                FPS average: aggregate(120), latest -1998698703 frames(64.38)

11-11 11:32:45.387 21417-21470 [INFO ] FrameProducer: 
    ---- ColorFrameProducer Performance Info, total frame count: 240 ------------
            latency average: aggregate(29 MS), latest 120 frames(17 MS)
        transcoding average: aggregate(1 MS), latest 120 frames(0 MS)
          filtering average: aggregate(0 MS), latest 120 frames(0 MS)
                FPS average: aggregate(120), latest 0 frames(61.41)

11-11 11:32:45.389 21417-21471 [INFO ] FrameProducer: 
    ---- DepthFrameProducer Performance Info, total frame count: 240 ------------
            latency average: aggregate(30 MS), latest 120 frames(19 MS)
        transcoding average: aggregate(2 MS), latest 120 frames(2 MS)
          filtering average: aggregate(0 MS), latest 120 frames(0 MS)
                FPS average: aggregate(120), latest 0 frames(60.36)

11-11 11:32:45.393 21417-21469 [INFO ] PCFrameProducer: 
    ---- PCFrameProducer Performance Info, total frame count: 240 ------------
            latency average: aggregate(4 MS), latest 120 frames(3 MS)
        transcoding average: aggregate(3 MS), latest 120 frames(3 MS)
        color frame latency: aggregate(37 MS), latest 120 frames(25 MS)
        depth frame latency: aggregate(37 MS), latest 120 frames(24 MS)
                FPS average: aggregate(120), latest -1998698703 frames(62.18)

11-11 11:32:47.383 21417-21470 [INFO ] FrameProducer: 
    ---- ColorFrameProducer Performance Info, total frame count: 360 ------------
            latency average: aggregate(25 MS), latest 120 frames(17 MS)
        transcoding average: aggregate(1 MS), latest 120 frames(0 MS)
          filtering average: aggregate(0 MS), latest 120 frames(0 MS)
                FPS average: aggregate(120), latest 0 frames(60.97)

11-11 11:32:47.388 21417-21471 [INFO ] FrameProducer: 
    ---- DepthFrameProducer Performance Info, total frame count: 360 ------------
            latency average: aggregate(26 MS), latest 120 frames(19 MS)
        transcoding average: aggregate(2 MS), latest 120 frames(3 MS)
          filtering average: aggregate(0 MS), latest 120 frames(0 MS)
                FPS average: aggregate(120), latest 0 frames(60.26)

11-11 11:32:47.394 21417-21469 [INFO ] PCFrameProducer: 
    ---- PCFrameProducer Performance Info, total frame count: 360 ------------
            latency average: aggregate(4 MS), latest 120 frames(4 MS)
        transcoding average: aggregate(3 MS), latest 120 frames(3 MS)
        color frame latency: aggregate(34 MS), latest 120 frames(26 MS)
        depth frame latency: aggregate(33 MS), latest 120 frames(25 MS)
                FPS average: aggregate(120), latest -1998698703 frames(61.43)

11-11 11:32:49.378 21417-21470 [INFO ] FrameProducer: 
    ---- ColorFrameProducer Performance Info, total frame count: 480 ------------
            latency average: aggregate(23 MS), latest 120 frames(17 MS)
        transcoding average: aggregate(1 MS), latest 120 frames(0 MS)
          filtering average: aggregate(0 MS), latest 120 frames(0 MS)
                FPS average: aggregate(120), latest 0 frames(60.76)

11-11 11:32:49.382 21417-21471 [INFO ] FrameProducer: 
    ---- DepthFrameProducer Performance Info, total frame count: 480 ------------
            latency average: aggregate(24 MS), latest 120 frames(19 MS)
        transcoding average: aggregate(2 MS), latest 120 frames(2 MS)
          filtering average: aggregate(0 MS), latest 120 frames(0 MS)
                FPS average: aggregate(120), latest 0 frames(60.24)

11-11 11:32:49.387 21417-21469 [INFO ] PCFrameProducer: 
    ---- PCFrameProducer Performance Info, total frame count: 480 ------------
            latency average: aggregate(4 MS), latest 120 frames(3 MS)
        transcoding average: aggregate(3 MS), latest 120 frames(3 MS)
        color frame latency: aggregate(31 MS), latest 120 frames(25 MS)
        depth frame latency: aggregate(31 MS), latest 120 frames(24 MS)
                FPS average: aggregate(120), latest -1998698703 frames(61.12)

11-11 11:32:51.374 21417-21470 [INFO ] FrameProducer: 
    ---- ColorFrameProducer Performance Info, total frame count: 600 ------------
            latency average: aggregate(22 MS), latest 120 frames(17 MS)
        transcoding average: aggregate(1 MS), latest 120 frames(0 MS)
          filtering average: aggregate(0 MS), latest 120 frames(0 MS)
                FPS average: aggregate(120), latest 0 frames(60.63)

11-11 11:32:51.378 21417-21471 [INFO ] FrameProducer: 
    ---- DepthFrameProducer Performance Info, total frame count: 600 ------------
            latency average: aggregate(23 MS), latest 120 frames(19 MS)
        transcoding average: aggregate(2 MS), latest 120 frames(2 MS)
          filtering average: aggregate(0 MS), latest 120 frames(0 MS)
                FPS average: aggregate(120), latest 0 frames(60.21)

11-11 11:32:51.383 21417-21469 [INFO ] PCFrameProducer: 
    ---- PCFrameProducer Performance Info, total frame count: 600 ------------
            latency average: aggregate(3 MS), latest 120 frames(3 MS)
        transcoding average: aggregate(3 MS), latest 120 frames(3 MS)
        color frame latency: aggregate(30 MS), latest 120 frames(24 MS)
        depth frame latency: aggregate(29 MS), latest 120 frames(24 MS)
                FPS average: aggregate(120), latest -1998698703 frames(60.92)

11-11 11:33:24.333 21665-21709 [INFO ] FrameProducer: 
    ---- ColorFrameProducer Performance Info, total frame count: 120 ------------
            latency average: aggregate(19 MS), latest 120 frames(19 MS)
        transcoding average: aggregate(0 MS), latest 120 frames(0 MS)
          filtering average: aggregate(0 MS), latest 120 frames(0 MS)
                FPS average: aggregate(120), latest 0 frames(62.57)

11-11 11:33:24.338 21665-21710 [INFO ] FrameProducer: 
    ---- DepthFrameProducer Performance Info, total frame count: 120 ------------
            latency average: aggregate(19 MS), latest 120 frames(19 MS)
        transcoding average: aggregate(2 MS), latest 120 frames(2 MS)
          filtering average: aggregate(0 MS), latest 120 frames(0 MS)
                FPS average: aggregate(120), latest 0 frames(60.72)

11-11 11:33:24.342 21665-21708 [INFO ] PCFrameProducer: 
    ---- PCFrameProducer Performance Info, total frame count: 120 ------------
            latency average: aggregate(4 MS), latest 120 frames(4 MS)
        transcoding average: aggregate(4 MS), latest 120 frames(4 MS)
        color frame latency: aggregate(28 MS), latest 120 frames(28 MS)
        depth frame latency: aggregate(28 MS), latest 120 frames(28 MS)
                FPS average: aggregate(120), latest 702355249 frames(64.11)

11-11 11:33:26.325 21665-21710 [INFO ] FrameProducer: 
    ---- DepthFrameProducer Performance Info, total frame count: 240 ------------
            latency average: aggregate(20 MS), latest 120 frames(20 MS)
        transcoding average: aggregate(2 MS), latest 120 frames(3 MS)
          filtering average: aggregate(0 MS), latest 120 frames(0 MS)
                FPS average: aggregate(120), latest 0 frames(60.55)

11-11 11:33:26.325 21665-21709 [INFO ] FrameProducer: 
    ---- ColorFrameProducer Performance Info, total frame count: 240 ------------
            latency average: aggregate(19 MS), latest 120 frames(18 MS)
        transcoding average: aggregate(0 MS), latest 120 frames(0 MS)
          filtering average: aggregate(0 MS), latest 120 frames(0 MS)
                FPS average: aggregate(120), latest 0 frames(61.38)

11-11 11:33:26.329 21665-21708 [INFO ] PCFrameProducer: 
    ---- PCFrameProducer Performance Info, total frame count: 240 ------------
            latency average: aggregate(4 MS), latest 120 frames(4 MS)
        transcoding average: aggregate(3 MS), latest 120 frames(3 MS)
        color frame latency: aggregate(27 MS), latest 120 frames(26 MS)
        depth frame latency: aggregate(27 MS), latest 120 frames(25 MS)
                FPS average: aggregate(120), latest 702355249 frames(62.18)

